mode: set
todo/task.go:13.44,15.16 2 1
todo/task.go:15.16,17.3 1 0
todo/task.go:18.2,18.30 1 1
todo/task.go:22.41,28.2 1 1
todo/tasklist.go:11.30,15.2 1 1
todo/tasklist.go:18.38,20.2 1 1
todo/tasklist.go:23.41,24.28 1 1
todo/tasklist.go:24.28,25.29 1 1
todo/tasklist.go:25.29,27.4 1 1
todo/tasklist.go:29.2,29.12 1 1
todo/tasklist.go:33.38,34.34 1 1
todo/tasklist.go:34.34,35.20 1 1
todo/tasklist.go:35.20,38.4 2 1
todo/tasklist.go:43.72,44.34 1 1
todo/tasklist.go:44.34,45.20 1 1
todo/tasklist.go:45.20,49.4 3 1
todo/tasklist.go:54.31,56.2 1 1
todo/tasklist.go:59.39,61.2 1 1
todo/tasklist.go:64.51,66.16 2 1
todo/tasklist.go:66.16,68.3 1 0
todo/tasklist.go:69.2,69.30 1 1
